{
  "timestamp": "2025-06-18T02:04:00.605Z",
  "storeId": 1,
  "year": 2025,
  "month": 6,
  "type": "SHIFT_GENERATION",
  "phase": "HOURS_VALIDATION",
  "staffHours": [
    {
      "id": 2,
      "name": "佐藤 花子",
      "generatedHours": 115,
      "minRequired": 80,
      "maxAllowed": 120,
      "otherStoreHours": 0,
      "totalHours": 115,
      "isUnderMin": false,
      "isOverMax": false,
      "isTotalOverMax": false
    },
    {
      "id": 1,
      "name": "田中 太郎",
      "generatedHours": 212,
      "minRequired": 140,
      "maxAllowed": 160,
      "otherStoreHours": 0,
      "totalHours": 212,
      "isUnderMin": false,
      "isOverMax": true,
      "isTotalOverMax": true
    }
  ]
}

