{
  "timestamp": "2025-07-01T01:38:43.858Z",
  "storeId": 2,
  "year": 2025,
  "month": 7,
  "type": "SHIFT_GENERATION",
  "phase": "STAFF_DATA_COLLECTION",
  "staffCount": 4,
  "staffDetails": [
    {
      "id": 2,
      "totalMinHours": 40,
      "totalMaxHours": 80,
      "dayPreferences": [],
      "daysOff": [],
      "otherStoreShifts": []
    },
    {
      "id": 4,
      "totalMinHours": 140,
      "totalMaxHours": 160,
      "dayPreferences": [],
      "daysOff": [],
      "otherStoreShifts": []
    },
    {
      "id": 5,
      "totalMinHours": 60,
      "totalMaxHours": 100,
      "dayPreferences": [],
      "daysOff": [],
      "otherStoreShifts": []
    },
    {
      "id": 6,
      "totalMinHours": 30,
      "totalMaxHours": 70,
      "dayPreferences": [],
      "daysOff": [],
      "otherStoreShifts": []
    }
  ]
}

