{
  "timestamp": "2025-06-18T02:11:22.500Z",
  "storeId": 1,
  "year": 2025,
  "month": 6,
  "type": "SHIFT_GENERATION",
  "phase": "SHIFT_VALIDATION",
  "isValid": false,
  "warnings": [
    {
      "date": "2025-05-26",
      "time_range": "07:00-09:00",
      "required": 2,
      "assigned": 0,
      "message": "人員が不足しています（必要: 2名, 割当: 0名）"
    },
    {
      "date": "2025-05-26",
      "time_range": "09:00-10:00",
      "required": 2,
      "assigned": 1,
      "message": "人員が不足しています（必要: 2名, 割当: 1名）"
    },
    {
      "date": "2025-05-26",
      "time_range": "12:30-13:00",
      "required": 1,
      "assigned": 0,
      "message": "人員が不足しています（必要: 1名, 割当: 0名）"
    },
    {
      "date": "2025-05-26",
      "time_range": "18:00-18:45",
      "required": 1,
      "assigned": 0,
      "message": "人員が不足しています（必要: 1名, 割当: 0名）"
    },
    {
      "date": "2025-05-27",
      "time_range": "09:00-10:00",
      "required": 2,
      "assigned": 1,
      "message": "人員が不足しています（必要: 2名, 割当: 1名）"
    },
    {
      "date": "2025-05-27",
      "time_range": "12:00-12:30",
      "required": 2,
      "assigned": 1,
      "message": "人員が不足しています（必要: 2名, 割当: 1名）"
    },
    {
      "date": "2025-05-27",
      "time_range": "12:30-13:00",
      "required": 2,
      "assigned": 0,
      "message": "人員が不足しています（必要: 2名, 割当: 0名）"
    },
    {
      "date": "2025-05-27",
      "time_range": "13:00-13:30",
      "required": 2,
      "assigned": 1,
      "message": "人員が不足しています（必要: 2名, 割当: 1名）"
    },
    {
      "date": "2025-05-27",
      "time_range": "16:00-17:45",
      "required": 2,
      "assigned": 1,
      "message": "人員が不足しています（必要: 2名, 割当: 1名）"
    },
    {
      "date": "2025-05-28",
      "time_range": "09:00-10:00",
      "required": 2,
      "assigned": 1,
      "message": "人員が不足しています（必要: 2名, 割当: 1名）"
    },
    {
      "date": "2025-05-28",
      "time_range": "12:00-12:30",
      "required": 2,
      "assigned": 1,
      "message": "人員が不足しています（必要: 2名, 割当: 1名）"
    },
    {
      "date": "2025-05-28",
      "time_range": "12:30-13:00",
      "required": 2,
      "assigned": 0,
      "message": "人員が不足しています（必要: 2名, 割当: 0名）"
    },
    {
      "date": "2025-05-28",
      "time_range": "13:00-13:30",
      "required": 2,
      "assigned": 1,
      "message": "人員が不足しています（必要: 2名, 割当: 1名）"
    },
    {
      "date": "2025-05-28",
      "time_range": "16:00-17:45",
      "required": 2,
      "assigned": 1,
      "message": "人員が不足しています（必要: 2名, 割当: 1名）"
    },
    {
      "date": "2025-05-29",
      "time_range": "09:00-10:00",
      "required": 2,
      "assigned": 1,
      "message": "人員が不足しています（必要: 2名, 割当: 1名）"
    },
    {
      "date": "2025-05-29",
      "time_range": "12:00-12:30",
      "required": 2,
      "assigned": 1,
      "message": "人員が不足しています（必要: 2名, 割当: 1名）"
    },
    {
      "date": "2025-05-29",
      "time_range": "12:30-13:00",
      "required": 2,
      "assigned": 0,
      "message": "人員が不足しています（必要: 2名, 割当: 0名）"
    },
    {
      "date": "2025-05-29",
      "time_range": "13:00-13:30",
      "required": 2,
      "assigned": 1,
      "message": "人員が不足しています（必要: 2名, 割当: 1名）"
    },
    {
      "date": "2025-05-29",
      "time_range": "16:00-17:45",
      "required": 2,
      "assigned": 1,
      "message": "人員が不足しています（必要: 2名, 割当: 1名）"
    },
    {
      "date": "2025-05-30",
      "time_range": "09:00-10:00",
      "required": 3,
      "assigned": 1,
      "message": "人員が不足しています（必要: 3名, 割当: 1名）"
    },
    {
      "date": "2025-05-30",
      "time_range": "10:00-12:00",
      "required": 3,
      "assigned": 2,
      "message": "人員が不足しています（必要: 3名, 割当: 2名）"
    },
    {
      "date": "2025-05-30",
      "time_range": "12:00-12:30",
      "required": 3,
      "assigned": 1,
      "message": "人員が不足しています（必要: 3名, 割当: 1名）"
    },
    {
      "date": "2025-05-30",
      "time_range": "12:30-13:00",
      "required": 3,
      "assigned": 0,
      "message": "人員が不足しています（必要: 3名, 割当: 0名）"
    },
    {
      "date": "2025-05-30",
      "time_range": "13:00-13:30",
      "required": 3,
      "assigned": 1,
      "message": "人員が不足しています（必要: 3名, 割当: 1名）"
    },
    {
      "date": "2025-05-30",
      "time_range": "13:30-16:00",
      "required": 3,
      "assigned": 2,
      "message": "人員が不足しています（必要: 3名, 割当: 2名）"
    },
    {
      "date": "2025-05-30",
      "time_range": "16:00-17:45",
      "required": 3,
      "assigned": 1,
      "message": "人員が不足しています（必要: 3名, 割当: 1名）"
    },
    {
      "date": "2025-05-31",
      "time_range": "09:00-12:00",
      "required": 2,
      "assigned": 1,
      "message": "人員が不足しています（必要: 2名, 割当: 1名）"
    },
    {
      "date": "2025-05-31",
      "time_range": "12:00-13:00",
      "required": 2,
      "assigned": 0,
      "message": "人員が不足しています（必要: 2名, 割当: 0名）"
    },
    {
      "date": "2025-05-31",
      "time_range": "13:00-17:00",
      "required": 2,
      "assigned": 1,
      "message": "人員が不足しています（必要: 2名, 割当: 1名）"
    },
    {
      "date": "2025-05-31",
      "time_range": "17:00-17:45",
      "required": 2,
      "assigned": 0,
      "message": "人員が不足しています（必要: 2名, 割当: 0名）"
    },
    {
      "date": "2025-06-01",
      "time_range": "07:00-11:45",
      "required": 2,
      "assigned": 0,
      "message": "人員が不足しています（必要: 2名, 割当: 0名）"
    },
    {
      "date": "2025-06-01",
      "time_range": "12:00-18:45",
      "required": 1,
      "assigned": 0,
      "message": "人員が不足しています（必要: 1名, 割当: 0名）"
    },
    {
      "date": "2025-06-02",
      "time_range": "07:00-09:00",
      "required": 2,
      "assigned": 0,
      "message": "人員が不足しています（必要: 2名, 割当: 0名）"
    },
    {
      "date": "2025-06-02",
      "time_range": "09:00-10:00",
      "required": 2,
      "assigned": 1,
      "message": "人員が不足しています（必要: 2名, 割当: 1名）"
    },
    {
      "date": "2025-06-02",
      "time_range": "12:30-13:00",
      "required": 1,
      "assigned": 0,
      "message": "人員が不足しています（必要: 1名, 割当: 0名）"
    },
    {
      "date": "2025-06-02",
      "time_range": "18:00-18:45",
      "required": 1,
      "assigned": 0,
      "message": "人員が不足しています（必要: 1名, 割当: 0名）"
    },
    {
      "date": "2025-06-03",
      "time_range": "09:00-10:00",
      "required": 2,
      "assigned": 1,
      "message": "人員が不足しています（必要: 2名, 割当: 1名）"
    },
    {
      "date": "2025-06-03",
      "time_range": "12:00-12:30",
      "required": 2,
      "assigned": 1,
      "message": "人員が不足しています（必要: 2名, 割当: 1名）"
    },
    {
      "date": "2025-06-03",
      "time_range": "12:30-13:00",
      "required": 2,
      "assigned": 0,
      "message": "人員が不足しています（必要: 2名, 割当: 0名）"
    },
    {
      "date": "2025-06-03",
      "time_range": "13:00-13:30",
      "required": 2,
      "assigned": 1,
      "message": "人員が不足しています（必要: 2名, 割当: 1名）"
    },
    {
      "date": "2025-06-03",
      "time_range": "16:00-17:45",
      "required": 2,
      "assigned": 1,
      "message": "人員が不足しています（必要: 2名, 割当: 1名）"
    },
    {
      "date": "2025-06-04",
      "time_range": "09:00-10:00",
      "required": 2,
      "assigned": 1,
      "message": "人員が不足しています（必要: 2名, 割当: 1名）"
    },
    {
      "date": "2025-06-04",
      "time_range": "12:00-12:30",
      "required": 2,
      "assigned": 1,
      "message": "人員が不足しています（必要: 2名, 割当: 1名）"
    },
    {
      "date": "2025-06-04",
      "time_range": "12:30-13:00",
      "required": 2,
      "assigned": 0,
      "message": "人員が不足しています（必要: 2名, 割当: 0名）"
    },
    {
      "date": "2025-06-04",
      "time_range": "13:00-13:30",
      "required": 2,
      "assigned": 1,
      "message": "人員が不足しています（必要: 2名, 割当: 1名）"
    },
    {
      "date": "2025-06-04",
      "time_range": "16:00-17:45",
      "required": 2,
      "assigned": 1,
      "message": "人員が不足しています（必要: 2名, 割当: 1名）"
    },
    {
      "date": "2025-06-05",
      "time_range": "09:00-10:00",
      "required": 2,
      "assigned": 1,
      "message": "人員が不足しています（必要: 2名, 割当: 1名）"
    },
    {
      "date": "2025-06-05",
      "time_range": "12:00-12:30",
      "required": 2,
      "assigned": 1,
      "message": "人員が不足しています（必要: 2名, 割当: 1名）"
    },
    {
      "date": "2025-06-05",
      "time_range": "12:30-13:00",
      "required": 2,
      "assigned": 0,
      "message": "人員が不足しています（必要: 2名, 割当: 0名）"
    },
    {
      "date": "2025-06-05",
      "time_range": "13:00-13:30",
      "required": 2,
      "assigned": 1,
      "message": "人員が不足しています（必要: 2名, 割当: 1名）"
    },
    {
      "date": "2025-06-05",
      "time_range": "16:00-17:45",
      "required": 2,
      "assigned": 1,
      "message": "人員が不足しています（必要: 2名, 割当: 1名）"
    },
    {
      "date": "2025-06-06",
      "time_range": "09:00-10:00",
      "required": 3,
      "assigned": 1,
      "message": "人員が不足しています（必要: 3名, 割当: 1名）"
    },
    {
      "date": "2025-06-06",
      "time_range": "10:00-12:00",
      "required": 3,
      "assigned": 2,
      "message": "人員が不足しています（必要: 3名, 割当: 2名）"
    },
    {
      "date": "2025-06-06",
      "time_range": "12:00-12:30",
      "required": 3,
      "assigned": 1,
      "message": "人員が不足しています（必要: 3名, 割当: 1名）"
    },
    {
      "date": "2025-06-06",
      "time_range": "12:30-13:00",
      "required": 3,
      "assigned": 0,
      "message": "人員が不足しています（必要: 3名, 割当: 0名）"
    },
    {
      "date": "2025-06-06",
      "time_range": "13:00-13:30",
      "required": 3,
      "assigned": 1,
      "message": "人員が不足しています（必要: 3名, 割当: 1名）"
    },
    {
      "date": "2025-06-06",
      "time_range": "13:30-16:00",
      "required": 3,
      "assigned": 2,
      "message": "人員が不足しています（必要: 3名, 割当: 2名）"
    },
    {
      "date": "2025-06-06",
      "time_range": "16:00-17:45",
      "required": 3,
      "assigned": 1,
      "message": "人員が不足しています（必要: 3名, 割当: 1名）"
    },
    {
      "date": "2025-06-07",
      "time_range": "09:00-12:00",
      "required": 2,
      "assigned": 1,
      "message": "人員が不足しています（必要: 2名, 割当: 1名）"
    },
    {
      "date": "2025-06-07",
      "time_range": "12:00-13:00",
      "required": 2,
      "assigned": 0,
      "message": "人員が不足しています（必要: 2名, 割当: 0名）"
    },
    {
      "date": "2025-06-07",
      "time_range": "13:00-17:00",
      "required": 2,
      "assigned": 1,
      "message": "人員が不足しています（必要: 2名, 割当: 1名）"
    },
    {
      "date": "2025-06-07",
      "time_range": "17:00-17:45",
      "required": 2,
      "assigned": 0,
      "message": "人員が不足しています（必要: 2名, 割当: 0名）"
    },
    {
      "date": "2025-06-08",
      "time_range": "07:00-11:45",
      "required": 2,
      "assigned": 0,
      "message": "人員が不足しています（必要: 2名, 割当: 0名）"
    },
    {
      "date": "2025-06-08",
      "time_range": "12:00-18:45",
      "required": 1,
      "assigned": 0,
      "message": "人員が不足しています（必要: 1名, 割当: 0名）"
    },
    {
      "date": "2025-06-09",
      "time_range": "07:00-09:00",
      "required": 2,
      "assigned": 0,
      "message": "人員が不足しています（必要: 2名, 割当: 0名）"
    },
    {
      "date": "2025-06-09",
      "time_range": "09:00-10:00",
      "required": 2,
      "assigned": 1,
      "message": "人員が不足しています（必要: 2名, 割当: 1名）"
    },
    {
      "date": "2025-06-09",
      "time_range": "12:30-13:00",
      "required": 1,
      "assigned": 0,
      "message": "人員が不足しています（必要: 1名, 割当: 0名）"
    },
    {
      "date": "2025-06-09",
      "time_range": "18:00-18:45",
      "required": 1,
      "assigned": 0,
      "message": "人員が不足しています（必要: 1名, 割当: 0名）"
    },
    {
      "date": "2025-06-10",
      "time_range": "09:00-10:00",
      "required": 2,
      "assigned": 1,
      "message": "人員が不足しています（必要: 2名, 割当: 1名）"
    },
    {
      "date": "2025-06-10",
      "time_range": "12:00-12:30",
      "required": 2,
      "assigned": 1,
      "message": "人員が不足しています（必要: 2名, 割当: 1名）"
    },
    {
      "date": "2025-06-10",
      "time_range": "12:30-13:00",
      "required": 2,
      "assigned": 0,
      "message": "人員が不足しています（必要: 2名, 割当: 0名）"
    },
    {
      "date": "2025-06-10",
      "time_range": "13:00-13:30",
      "required": 2,
      "assigned": 1,
      "message": "人員が不足しています（必要: 2名, 割当: 1名）"
    },
    {
      "date": "2025-06-10",
      "time_range": "16:00-17:45",
      "required": 2,
      "assigned": 1,
      "message": "人員が不足しています（必要: 2名, 割当: 1名）"
    },
    {
      "date": "2025-06-11",
      "time_range": "09:00-10:00",
      "required": 2,
      "assigned": 1,
      "message": "人員が不足しています（必要: 2名, 割当: 1名）"
    },
    {
      "date": "2025-06-11",
      "time_range": "12:00-12:30",
      "required": 2,
      "assigned": 1,
      "message": "人員が不足しています（必要: 2名, 割当: 1名）"
    },
    {
      "date": "2025-06-11",
      "time_range": "12:30-13:00",
      "required": 2,
      "assigned": 0,
      "message": "人員が不足しています（必要: 2名, 割当: 0名）"
    },
    {
      "date": "2025-06-11",
      "time_range": "13:00-13:30",
      "required": 2,
      "assigned": 1,
      "message": "人員が不足しています（必要: 2名, 割当: 1名）"
    },
    {
      "date": "2025-06-11",
      "time_range": "16:00-17:45",
      "required": 2,
      "assigned": 1,
      "message": "人員が不足しています（必要: 2名, 割当: 1名）"
    },
    {
      "date": "2025-06-12",
      "time_range": "09:00-10:00",
      "required": 2,
      "assigned": 1,
      "message": "人員が不足しています（必要: 2名, 割当: 1名）"
    },
    {
      "date": "2025-06-12",
      "time_range": "12:00-12:30",
      "required": 2,
      "assigned": 1,
      "message": "人員が不足しています（必要: 2名, 割当: 1名）"
    },
    {
      "date": "2025-06-12",
      "time_range": "12:30-13:00",
      "required": 2,
      "assigned": 0,
      "message": "人員が不足しています（必要: 2名, 割当: 0名）"
    },
    {
      "date": "2025-06-12",
      "time_range": "13:00-13:30",
      "required": 2,
      "assigned": 1,
      "message": "人員が不足しています（必要: 2名, 割当: 1名）"
    },
    {
      "date": "2025-06-12",
      "time_range": "16:00-17:45",
      "required": 2,
      "assigned": 1,
      "message": "人員が不足しています（必要: 2名, 割当: 1名）"
    },
    {
      "date": "2025-06-13",
      "time_range": "09:00-10:00",
      "required": 3,
      "assigned": 1,
      "message": "人員が不足しています（必要: 3名, 割当: 1名）"
    },
    {
      "date": "2025-06-13",
      "time_range": "10:00-12:00",
      "required": 3,
      "assigned": 2,
      "message": "人員が不足しています（必要: 3名, 割当: 2名）"
    },
    {
      "date": "2025-06-13",
      "time_range": "12:00-12:30",
      "required": 3,
      "assigned": 1,
      "message": "人員が不足しています（必要: 3名, 割当: 1名）"
    },
    {
      "date": "2025-06-13",
      "time_range": "12:30-13:00",
      "required": 3,
      "assigned": 0,
      "message": "人員が不足しています（必要: 3名, 割当: 0名）"
    },
    {
      "date": "2025-06-13",
      "time_range": "13:00-13:30",
      "required": 3,
      "assigned": 1,
      "message": "人員が不足しています（必要: 3名, 割当: 1名）"
    },
    {
      "date": "2025-06-13",
      "time_range": "13:30-16:00",
      "required": 3,
      "assigned": 2,
      "message": "人員が不足しています（必要: 3名, 割当: 2名）"
    },
    {
      "date": "2025-06-13",
      "time_range": "16:00-17:45",
      "required": 3,
      "assigned": 1,
      "message": "人員が不足しています（必要: 3名, 割当: 1名）"
    },
    {
      "date": "2025-06-14",
      "time_range": "09:00-12:00",
      "required": 2,
      "assigned": 1,
      "message": "人員が不足しています（必要: 2名, 割当: 1名）"
    },
    {
      "date": "2025-06-14",
      "time_range": "12:00-13:00",
      "required": 2,
      "assigned": 0,
      "message": "人員が不足しています（必要: 2名, 割当: 0名）"
    },
    {
      "date": "2025-06-14",
      "time_range": "13:00-17:00",
      "required": 2,
      "assigned": 1,
      "message": "人員が不足しています（必要: 2名, 割当: 1名）"
    },
    {
      "date": "2025-06-14",
      "time_range": "17:00-17:45",
      "required": 2,
      "assigned": 0,
      "message": "人員が不足しています（必要: 2名, 割当: 0名）"
    },
    {
      "date": "2025-06-15",
      "time_range": "07:00-11:45",
      "required": 2,
      "assigned": 0,
      "message": "人員が不足しています（必要: 2名, 割当: 0名）"
    },
    {
      "date": "2025-06-15",
      "time_range": "12:00-18:45",
      "required": 1,
      "assigned": 0,
      "message": "人員が不足しています（必要: 1名, 割当: 0名）"
    },
    {
      "date": "2025-06-16",
      "time_range": "07:00-09:00",
      "required": 2,
      "assigned": 0,
      "message": "人員が不足しています（必要: 2名, 割当: 0名）"
    },
    {
      "date": "2025-06-16",
      "time_range": "09:00-10:00",
      "required": 2,
      "assigned": 1,
      "message": "人員が不足しています（必要: 2名, 割当: 1名）"
    },
    {
      "date": "2025-06-16",
      "time_range": "12:30-13:00",
      "required": 1,
      "assigned": 0,
      "message": "人員が不足しています（必要: 1名, 割当: 0名）"
    },
    {
      "date": "2025-06-16",
      "time_range": "18:00-18:45",
      "required": 1,
      "assigned": 0,
      "message": "人員が不足しています（必要: 1名, 割当: 0名）"
    },
    {
      "date": "2025-06-17",
      "time_range": "09:00-10:00",
      "required": 2,
      "assigned": 1,
      "message": "人員が不足しています（必要: 2名, 割当: 1名）"
    },
    {
      "date": "2025-06-17",
      "time_range": "12:00-12:30",
      "required": 2,
      "assigned": 1,
      "message": "人員が不足しています（必要: 2名, 割当: 1名）"
    },
    {
      "date": "2025-06-17",
      "time_range": "12:30-13:00",
      "required": 2,
      "assigned": 0,
      "message": "人員が不足しています（必要: 2名, 割当: 0名）"
    },
    {
      "date": "2025-06-17",
      "time_range": "13:00-13:30",
      "required": 2,
      "assigned": 1,
      "message": "人員が不足しています（必要: 2名, 割当: 1名）"
    },
    {
      "date": "2025-06-17",
      "time_range": "16:00-17:45",
      "required": 2,
      "assigned": 1,
      "message": "人員が不足しています（必要: 2名, 割当: 1名）"
    },
    {
      "date": "2025-06-18",
      "time_range": "09:00-10:00",
      "required": 2,
      "assigned": 1,
      "message": "人員が不足しています（必要: 2名, 割当: 1名）"
    },
    {
      "date": "2025-06-18",
      "time_range": "12:00-12:30",
      "required": 2,
      "assigned": 1,
      "message": "人員が不足しています（必要: 2名, 割当: 1名）"
    },
    {
      "date": "2025-06-18",
      "time_range": "12:30-13:00",
      "required": 2,
      "assigned": 0,
      "message": "人員が不足しています（必要: 2名, 割当: 0名）"
    },
    {
      "date": "2025-06-18",
      "time_range": "13:00-13:30",
      "required": 2,
      "assigned": 1,
      "message": "人員が不足しています（必要: 2名, 割当: 1名）"
    },
    {
      "date": "2025-06-18",
      "time_range": "16:00-17:45",
      "required": 2,
      "assigned": 1,
      "message": "人員が不足しています（必要: 2名, 割当: 1名）"
    },
    {
      "date": "2025-06-19",
      "time_range": "09:00-10:00",
      "required": 2,
      "assigned": 1,
      "message": "人員が不足しています（必要: 2名, 割当: 1名）"
    },
    {
      "date": "2025-06-19",
      "time_range": "12:00-12:30",
      "required": 2,
      "assigned": 1,
      "message": "人員が不足しています（必要: 2名, 割当: 1名）"
    },
    {
      "date": "2025-06-19",
      "time_range": "12:30-13:00",
      "required": 2,
      "assigned": 0,
      "message": "人員が不足しています（必要: 2名, 割当: 0名）"
    },
    {
      "date": "2025-06-19",
      "time_range": "13:00-13:30",
      "required": 2,
      "assigned": 1,
      "message": "人員が不足しています（必要: 2名, 割当: 1名）"
    },
    {
      "date": "2025-06-19",
      "time_range": "16:00-17:45",
      "required": 2,
      "assigned": 1,
      "message": "人員が不足しています（必要: 2名, 割当: 1名）"
    },
    {
      "date": "2025-06-20",
      "time_range": "09:00-10:00",
      "required": 3,
      "assigned": 1,
      "message": "人員が不足しています（必要: 3名, 割当: 1名）"
    },
    {
      "date": "2025-06-20",
      "time_range": "10:00-12:00",
      "required": 3,
      "assigned": 2,
      "message": "人員が不足しています（必要: 3名, 割当: 2名）"
    },
    {
      "date": "2025-06-20",
      "time_range": "12:00-12:30",
      "required": 3,
      "assigned": 1,
      "message": "人員が不足しています（必要: 3名, 割当: 1名）"
    },
    {
      "date": "2025-06-20",
      "time_range": "12:30-13:00",
      "required": 3,
      "assigned": 0,
      "message": "人員が不足しています（必要: 3名, 割当: 0名）"
    },
    {
      "date": "2025-06-20",
      "time_range": "13:00-13:30",
      "required": 3,
      "assigned": 1,
      "message": "人員が不足しています（必要: 3名, 割当: 1名）"
    },
    {
      "date": "2025-06-20",
      "time_range": "13:30-16:00",
      "required": 3,
      "assigned": 2,
      "message": "人員が不足しています（必要: 3名, 割当: 2名）"
    },
    {
      "date": "2025-06-20",
      "time_range": "16:00-17:45",
      "required": 3,
      "assigned": 1,
      "message": "人員が不足しています（必要: 3名, 割当: 1名）"
    },
    {
      "date": "2025-06-21",
      "time_range": "09:00-12:00",
      "required": 2,
      "assigned": 1,
      "message": "人員が不足しています（必要: 2名, 割当: 1名）"
    },
    {
      "date": "2025-06-21",
      "time_range": "12:00-13:00",
      "required": 2,
      "assigned": 0,
      "message": "人員が不足しています（必要: 2名, 割当: 0名）"
    },
    {
      "date": "2025-06-21",
      "time_range": "13:00-17:00",
      "required": 2,
      "assigned": 1,
      "message": "人員が不足しています（必要: 2名, 割当: 1名）"
    },
    {
      "date": "2025-06-21",
      "time_range": "17:00-17:45",
      "required": 2,
      "assigned": 0,
      "message": "人員が不足しています（必要: 2名, 割当: 0名）"
    },
    {
      "date": "2025-06-22",
      "time_range": "07:00-11:45",
      "required": 2,
      "assigned": 0,
      "message": "人員が不足しています（必要: 2名, 割当: 0名）"
    },
    {
      "date": "2025-06-22",
      "time_range": "12:00-18:45",
      "required": 1,
      "assigned": 0,
      "message": "人員が不足しています（必要: 1名, 割当: 0名）"
    },
    {
      "date": "2025-06-23",
      "time_range": "07:00-09:00",
      "required": 2,
      "assigned": 0,
      "message": "人員が不足しています（必要: 2名, 割当: 0名）"
    },
    {
      "date": "2025-06-23",
      "time_range": "09:00-10:00",
      "required": 2,
      "assigned": 1,
      "message": "人員が不足しています（必要: 2名, 割当: 1名）"
    },
    {
      "date": "2025-06-23",
      "time_range": "12:30-13:00",
      "required": 1,
      "assigned": 0,
      "message": "人員が不足しています（必要: 1名, 割当: 0名）"
    },
    {
      "date": "2025-06-23",
      "time_range": "18:00-18:45",
      "required": 1,
      "assigned": 0,
      "message": "人員が不足しています（必要: 1名, 割当: 0名）"
    },
    {
      "date": "2025-06-24",
      "time_range": "09:00-10:00",
      "required": 2,
      "assigned": 1,
      "message": "人員が不足しています（必要: 2名, 割当: 1名）"
    },
    {
      "date": "2025-06-24",
      "time_range": "12:00-12:30",
      "required": 2,
      "assigned": 1,
      "message": "人員が不足しています（必要: 2名, 割当: 1名）"
    },
    {
      "date": "2025-06-24",
      "time_range": "12:30-13:00",
      "required": 2,
      "assigned": 0,
      "message": "人員が不足しています（必要: 2名, 割当: 0名）"
    },
    {
      "date": "2025-06-24",
      "time_range": "13:00-13:30",
      "required": 2,
      "assigned": 1,
      "message": "人員が不足しています（必要: 2名, 割当: 1名）"
    },
    {
      "date": "2025-06-24",
      "time_range": "16:00-17:45",
      "required": 2,
      "assigned": 1,
      "message": "人員が不足しています（必要: 2名, 割当: 1名）"
    },
    {
      "date": "2025-06-25",
      "time_range": "09:00-10:00",
      "required": 2,
      "assigned": 1,
      "message": "人員が不足しています（必要: 2名, 割当: 1名）"
    },
    {
      "date": "2025-06-25",
      "time_range": "12:00-12:30",
      "required": 2,
      "assigned": 1,
      "message": "人員が不足しています（必要: 2名, 割当: 1名）"
    },
    {
      "date": "2025-06-25",
      "time_range": "12:30-13:00",
      "required": 2,
      "assigned": 0,
      "message": "人員が不足しています（必要: 2名, 割当: 0名）"
    },
    {
      "date": "2025-06-25",
      "time_range": "13:00-13:30",
      "required": 2,
      "assigned": 1,
      "message": "人員が不足しています（必要: 2名, 割当: 1名）"
    },
    {
      "date": "2025-06-25",
      "time_range": "16:00-17:45",
      "required": 2,
      "assigned": 1,
      "message": "人員が不足しています（必要: 2名, 割当: 1名）"
    }
  ],
  "violationCount": 142
}

