{
  "timestamp": "2025-06-18T02:10:20.202Z",
  "storeId": 1,
  "year": 2025,
  "month": 6,
  "type": "SHIFT_GENERATION",
  "phase": "STAFF_DATA_COLLECTION",
  "staffCount": 2,
  "staffDetails": [
    {
      "id": 2,
      "name": "佐藤 花子",
      "minHours": 80,
      "maxHours": 120,
      "otherStoreHours": 0,
      "totalMinHours": 80,
      "totalMaxHours": 120,
      "dayPreferences": [
        {
          "day": "日",
          "available": false,
          "startTime": null,
          "endTime": null
        },
        {
          "day": "月",
          "available": true,
          "startTime": "10:00:00",
          "endTime": "16:00:00"
        },
        {
          "day": "火",
          "available": true,
          "startTime": "10:00:00",
          "endTime": "16:00:00"
        },
        {
          "day": "水",
          "available": true,
          "startTime": "10:00:00",
          "endTime": "16:00:00"
        },
        {
          "day": "木",
          "available": true,
          "startTime": "10:00:00",
          "endTime": "16:00:00"
        },
        {
          "day": "金",
          "available": true,
          "startTime": "10:00:00",
          "endTime": "16:00:00"
        },
        {
          "day": "土",
          "available": false,
          "startTime": null,
          "endTime": null
        }
      ],
      "daysOff": [],
      "otherStoreShifts": []
    },
    {
      "id": 1,
      "name": "田中 太郎",
      "minHours": 140,
      "maxHours": 160,
      "otherStoreHours": 0,
      "totalMinHours": 140,
      "totalMaxHours": 160,
      "dayPreferences": [
        {
          "day": "日",
          "available": false,
          "startTime": null,
          "endTime": null
        },
        {
          "day": "月",
          "available": true,
          "startTime": "09:00:00",
          "endTime": "18:00:00"
        },
        {
          "day": "火",
          "available": true,
          "startTime": "09:00:00",
          "endTime": "18:00:00"
        },
        {
          "day": "水",
          "available": true,
          "startTime": "09:00:00",
          "endTime": "18:00:00"
        },
        {
          "day": "木",
          "available": true,
          "startTime": "09:00:00",
          "endTime": "18:00:00"
        },
        {
          "day": "金",
          "available": true,
          "startTime": "09:00:00",
          "endTime": "18:00:00"
        },
        {
          "day": "土",
          "available": true,
          "startTime": "09:00:00",
          "endTime": "17:00:00"
        }
      ],
      "daysOff": [],
      "otherStoreShifts": []
    }
  ]
}

