{
  "timestamp": "2025-06-18T02:02:41.329Z",
  "storeId": 1,
  "year": 2025,
  "month": 6,
  "type": "SHIFT_GENERATION",
  "phase": "TIME_CALCULATION",
  "staffHoursCalculation": [
    {
      "staffId": 2,
      "name": "佐藤 花子",
      "minRequired": 80,
      "maxAllowed": 120,
      "otherStoreHours": 0,
      "totalMinHours": 80,
      "totalMaxHours": 120
    },
    {
      "staffId": 1,
      "name": "田中 太郎",
      "minRequired": 140,
      "maxAllowed": 160,
      "otherStoreHours": 0,
      "totalMinHours": 140,
      "totalMaxHours": 160
    }
  ],
  "totalStaff": 2,
  "periodStart": "2025-05-26",
  "periodEnd": "2025-06-25"
}

